#
# A fatal error has been detected by the Java Runtime Environment:
#
#  EXCEPTION_ACCESS_VIOLATION (0xc0000005) at pc=0x00000000693cc911, pid=4628, tid=0x00000000000004c0
#
# JRE version: OpenJDK Runtime Environment (8.0_152-b06) (build 1.8.0_152-release-1136-b06)
# Java VM: OpenJDK 64-Bit Server VM (25.152-b06 mixed mode windows-amd64 compressed oops)
# Problematic frame:
# V  [jvm.dll+0x3cc911]
#
# Failed to write core dump. Minidumps are not enabled by default on client versions of Windows
#
# If you would like to submit a bug report, please visit:
#   http://bugreport.java.com/bugreport/crash.jsp
#

---------------  T H R E A D  ---------------

Current thread (0x0000000002130000):  GCTaskThread [stack: 0x00000000124c0000,0x00000000125c0000] [id=1216]

siginfo: ExceptionCode=0xc0000005, reading address 0xffffffffffffffff

Registers:
RAX=0x0000000055b10778, RBX=0x00000000f8b76390, RCX=0x0000000015b101f0, RDX=0x0000000056496840
RSP=0x00000000125bf460, RBP=0x000000000d2b908d, RSI=0x0000000056496840, RDI=0x0000000000000009
R8 =0x00000000f8b76390, R9 =0x0000000015b101f0, R10=0x0000000000000000, R11=0x00000000695fc658
R12=0x0000000011c11e85, R13=0x0000000000000009, R14=0x0000000000000001, R15=0x0000000002125f40
RIP=0x00000000693cc911, EFLAGS=0x0000000000010a83

Top of Stack: (sp=0x00000000125bf460)
0x00000000125bf460:   000000000d2b908d 000000000d2b908d
0x00000000125bf470:   0000000056496840 0000000000000009
0x00000000125bf480:   0000000000000000 00000000693ccc4d
0x00000000125bf490:   00000000f8b76390 0000000056496840
0x00000000125bf4a0:   0000000056496840 0000000069616050
0x00000000125bf4b0:   00000000fd498000 00000000693cd17b
0x00000000125bf4c0:   00000000a45acc58 0000000000000400
0x00000000125bf4d0:   0000000000000000 0000000056496800
0x00000000125bf4e0:   0000000011c11e85 00000000693ccda0
0x00000000125bf4f0:   00000000a45aea54 0000000011c11f01
0x00000000125bf500:   0000000056496840 00000000a03d1600
0x00000000125bf510:   00000000a45aea54 00000000693cd945
0x00000000125bf520:   00000000f8b1b210 0000000011c11f01
0x00000000125bf530:   0000000056496840 0000000000000003
0x00000000125bf540:   0000000056496840 000007fefcff10dc
0x00000000125bf550:   00000000a015d534 00000000690ef747 

Instructions: (pc=0x00000000693cc911)
0x00000000693cc8f1:   5b fd 38 00 eb 04 4c 8b 4b 08 41 81 79 08 00 00
0x00000000693cc901:   00 c0 73 12 49 8b 01 4c 8b c3 48 8b d6 49 8b c9
0x00000000693cc911:   ff 90 20 01 00 00 48 8b d7 48 8b cb e8 9e 1a 00
0x00000000693cc921:   00 48 8b c3 48 8b 5c 24 30 48 8b 74 24 38 48 83 


Register to memory mapping:

RAX={method} {0x0000000055b10780} 'clone' '()Ljava/lang/Object;' in 'java/lang/Object'
RBX=0x00000000f8b76390 is an oop

[error occurred during error reporting (printing register info), id 0xc0000005]

Stack: [0x00000000124c0000,0x00000000125c0000],  sp=0x00000000125bf460,  free space=1021k
Native frames: (J=compiled Java code, j=interpreted, Vv=VM code, C=native code)
V  [jvm.dll+0x3cc911]
V  [jvm.dll+0x3ccc4d]
V  [jvm.dll+0x3ccda0]
V  [jvm.dll+0x3cd945]
V  [jvm.dll+0x3bd47f]
V  [jvm.dll+0x3cf932]
V  [jvm.dll+0x3bec9e]
V  [jvm.dll+0x26d9aa]
C  [msvcr100.dll+0x21d9f]
C  [msvcr100.dll+0x21e3b]
C  [kernel32.dll+0x1652d]
C  [ntdll.dll+0x2c541]


---------------  P R O C E S S  ---------------

Java Threads: ( => current thread )
  0x000000005bf49000 JavaThread "Cache worker for Java compile cache (C:\Users\DELL\AndroidStudioProjects\EInventory\.gradle\4.6\javaCompile)" [_thread_blocked, id=880, stack(0x0000000065290000,0x0000000065390000)]
  0x000000005bf44000 JavaThread "Task worker for ':' Thread 3" [_thread_blocked, id=5884, stack(0x0000000063440000,0x0000000063540000)]
  0x000000005bf44800 JavaThread "Task worker for ':' Thread 2" [_thread_blocked, id=2320, stack(0x000000005b010000,0x000000005b110000)]
  0x000000005bf47000 JavaThread "Task worker for ':'" [_thread_blocked, id=2948, stack(0x0000000063fc0000,0x00000000640c0000)]
  0x000000005bf48800 JavaThread "Cache worker for Build Output Cleanup Cache (C:\Users\DELL\AndroidStudioProjects\EInventory\.gradle\buildOutputCleanup)" [_thread_blocked, id=4616, stack(0x0000000063e90000,0x0000000063f90000)]
  0x000000005bf4a000 JavaThread "Cache worker for task history cache (C:\Users\DELL\AndroidStudioProjects\EInventory\.gradle\4.6\taskHistory)" [_thread_blocked, id=6028, stack(0x0000000063bb0000,0x0000000063cb0000)]
  0x0000000059925800 JavaThread "Cache worker for file content cache (C:\Users\DELL\AndroidStudioProjects\EInventory\.gradle\4.6\fileContent)" [_thread_blocked, id=5716, stack(0x0000000063ce0000,0x0000000063de0000)]
  0x000000005992e800 JavaThread "Build operations Thread 4" [_thread_blocked, id=5556, stack(0x00000000629a0000,0x0000000062aa0000)]
  0x0000000059932800 JavaThread "Build operations Thread 3" [_thread_blocked, id=5644, stack(0x0000000063870000,0x0000000063970000)]
  0x0000000059931800 JavaThread "Build operations Thread 2" [_thread_blocked, id=2892, stack(0x000000005ae00000,0x000000005af00000)]
  0x0000000059933000 JavaThread "Build operations" [_thread_blocked, id=5548, stack(0x000000005a280000,0x000000005a380000)]
  0x000000005992e000 JavaThread "Cache worker for Artifact transforms cache (C:\Users\DELL\.gradle\caches\transforms-1)" [_thread_blocked, id=4132, stack(0x0000000061950000,0x0000000061a50000)]
  0x000000005992f800 JavaThread "Cache worker for file hash cache (C:\Users\DELL\AndroidStudioProjects\EInventory\.gradle\4.6\fileHashes)" [_thread_blocked, id=1600, stack(0x0000000062cc0000,0x0000000062dc0000)]
  0x000000005992b800 JavaThread "Stdin handler" [_thread_blocked, id=4384, stack(0x0000000061520000,0x0000000061620000)]
  0x000000005992c800 JavaThread "Asynchronous log dispatcher for DefaultDaemonConnection: socket connection from /127.0.0.1:49262 to /127.0.0.1:49397" [_thread_blocked, id=5840, stack(0x000000005a7f0000,0x000000005a8f0000)]
  0x0000000059926800 JavaThread "Daemon worker Thread 4" [_thread_blocked, id=3788, stack(0x000000005c4c0000,0x000000005c5c0000)]
  0x0000000059927000 JavaThread "Cancel handler" [_thread_blocked, id=3740, stack(0x000000005af00000,0x000000005b000000)]
  0x0000000059928800 JavaThread "Handler for socket connection from /127.0.0.1:49262 to /127.0.0.1:49397" [_thread_in_native, id=6044, stack(0x000000005acc0000,0x000000005adc0000)]
  0x0000000059928000 JavaThread "Daemon Thread 4" [_thread_blocked, id=5568, stack(0x000000005ab00000,0x000000005ac00000)]
  0x000000005992d000 JavaThread "pool-1-thread-1" [_thread_blocked, id=3092, stack(0x0000000061140000,0x0000000061240000)]
  0x000000005992a000 JavaThread "Memory manager" [_thread_blocked, id=1000, stack(0x00000000620a0000,0x00000000621a0000)]
  0x00000000599e3000 JavaThread "File lock request listener" [_thread_in_native, id=4952, stack(0x000000005b3e0000,0x000000005b4e0000)]
  0x0000000059976000 JavaThread "Cache worker for file hash cache (C:\Users\DELL\.gradle\caches\4.6\fileHashes)" [_thread_blocked, id=5064, stack(0x000000005a6e0000,0x000000005a7e0000)]
  0x000000005987b800 JavaThread "Daemon periodic checks" [_thread_blocked, id=3632, stack(0x0000000058ea0000,0x0000000058fa0000)]
  0x0000000059759800 JavaThread "Incoming local TCP Connector on port 49262" [_thread_in_native, id=3240, stack(0x000000005a5b0000,0x000000005a6b0000)]
  0x0000000057d00000 JavaThread "Service Thread" daemon [_thread_blocked, id=356, stack(0x0000000058130000,0x0000000058230000)]
  0x0000000057c83000 JavaThread "C1 CompilerThread2" daemon [_thread_blocked, id=5536, stack(0x0000000058450000,0x0000000058550000)]
  0x000000005650f800 JavaThread "C2 CompilerThread1" daemon [_thread_blocked, id=5496, stack(0x0000000058270000,0x0000000058370000)]
  0x0000000056504000 JavaThread "C2 CompilerThread0" daemon [_thread_in_native, id=4300, stack(0x0000000057900000,0x0000000057a00000)]
  0x0000000056500800 JavaThread "Attach Listener" daemon [_thread_blocked, id=5944, stack(0x0000000057b80000,0x0000000057c80000)]
  0x00000000564fe800 JavaThread "Signal Dispatcher" daemon [_thread_blocked, id=1840, stack(0x0000000057a00000,0x0000000057b00000)]
  0x00000000564e8000 JavaThread "Finalizer" daemon [_thread_blocked, id=4860, stack(0x0000000057760000,0x0000000057860000)]
  0x00000000564a1000 JavaThread "Reference Handler" daemon [_thread_blocked, id=4620, stack(0x00000000574c0000,0x00000000575c0000)]
  0x000000000229e800 JavaThread "main" [_thread_blocked, id=5564, stack(0x0000000002480000,0x0000000002580000)]

Other Threads:
  0x0000000056499800 VMThread [stack: 0x00000000575d0000,0x00000000576d0000] [id=5160]
  0x0000000057d01000 WatcherThread [stack: 0x00000000585a0000,0x00000000586a0000] [id=5360]

=>0x0000000002130000 (exited) GCTaskThread [stack: 0x00000000124c0000,0x00000000125c0000] [id=1216]

VM state:at safepoint (normal execution)

VM Mutex/Monitor currently owned by a thread:  ([mutex/lock_event])
[0x000000000229ce00] Threads_lock - owner thread: 0x0000000056499800
[0x000000000229d300] Heap_lock - owner thread: 0x000000005bf44800

Heap:
 PSYoungGen      total 430080K, used 430030K [0x00000000e0000000, 0x0000000100000000, 0x0000000100000000)
  eden space 400384K, 99% used [0x00000000e0000000,0x00000000f86f92a8,0x00000000f8700000)
  from space 29696K, 99% used [0x00000000f8700000,0x00000000fa3fa888,0x00000000fa400000)
  to   space 44544K, 32% used [0x00000000fd480000,0x00000000fe2d79b8,0x0000000100000000)
 ParOldGen       total 1048576K, used 90197K [0x00000000a0000000, 0x00000000e0000000, 0x00000000e0000000)
  object space 1048576K, 8% used [0x00000000a0000000,0x00000000a5815418,0x00000000e0000000)
 Metaspace       used 79428K, capacity 82572K, committed 82688K, reserved 1120256K
  class space    used 10194K, capacity 10899K, committed 11008K, reserved 1048576K

Card table byte_map: [0x0000000011c10000,0x0000000011f20000] byte_map_base: 0x0000000011710000

Marking Bits: (ParMarkBitMap*) 0x00000000697c5aa0
 Begin Bits: [0x0000000012810000, 0x0000000014010000)
 End Bits:   [0x0000000014010000, 0x0000000015810000)

Polling page: 0x0000000000230000

CodeCache: size=245760Kb used=40467Kb max_used=40467Kb free=205292Kb
 bounds [0x0000000002850000, 0x0000000005010000, 0x0000000011850000]
 total_blobs=13664 nmethods=12818 adapters=758
 compilation: enabled

Compilation events (10 events):
Event: 1157.027 Thread 0x000000005650f800 nmethod 15708 0x00000000046a7590 code [0x00000000046a76e0, 0x00000000046a7768]
Event: 1157.027 Thread 0x000000005650f800 15734       4       com.sun.tools.javac.tree.TreeMaker::Modifiers (56 bytes)
Event: 1157.029 Thread 0x000000005650f800 nmethod 15734 0x0000000004ff67d0 code [0x0000000004ff6920, 0x0000000004ff6a78]
Event: 1157.029 Thread 0x000000005650f800 15737       4       com.sun.tools.javac.util.IntHashTable::rehash (118 bytes)
Event: 1157.041 Thread 0x000000005650f800 nmethod 15737 0x0000000004ffc410 code [0x0000000004ffc5a0, 0x0000000004ffcd38]
Event: 1157.041 Thread 0x000000005650f800 15738       4       com.sun.tools.javac.parser.JavacParser::variableDeclaratorsRest (77 bytes)
Event: 1157.081 Thread 0x0000000057c83000 15743 %     3       com.sun.tools.javac.parser.JavacParser::modifiersOpt @ 64 (507 bytes)
Event: 1157.084 Thread 0x0000000057c83000 nmethod 15743% 0x0000000004ffdb10 code [0x0000000004ffde40, 0x0000000004fff7d8]
Event: 1157.097 Thread 0x0000000057c83000 15746       3       com.sun.tools.javac.parser.JavacParser::modifiersOpt (507 bytes)
Event: 1157.100 Thread 0x0000000057c83000 nmethod 15746 0x0000000005000750 code [0x0000000005000a60, 0x00000000050021b8]

GC Heap History (10 events):
Event: 21.798 GC heap after
Heap after GC invocations=10 (full 2):
 PSYoungGen      total 317952K, used 13808K [0x00000000e0000000, 0x00000000f4e00000, 0x0000000100000000)
  eden space 304128K, 0% used [0x00000000e0000000,0x00000000e0000000,0x00000000f2900000)
  from space 13824K, 99% used [0x00000000f3c80000,0x00000000f49fc0f0,0x00000000f4a00000)
  to   space 18944K, 0% used [0x00000000f2900000,0x00000000f2900000,0x00000000f3b80000)
 ParOldGen       total 65024K, used 24461K [0x00000000a0000000, 0x00000000a3f80000, 0x00000000e0000000)
  object space 65024K, 37% used [0x00000000a0000000,0x00000000a17e3718,0x00000000a3f80000)
 Metaspace       used 49483K, capacity 50652K, committed 50816K, reserved 1093632K
  class space    used 6646K, capacity 7009K, committed 7040K, reserved 1048576K
}
Event: 31.616 GC heap before
{Heap before GC invocations=11 (full 2):
 PSYoungGen      total 317952K, used 227650K [0x00000000e0000000, 0x00000000f4e00000, 0x0000000100000000)
  eden space 304128K, 70% used [0x00000000e0000000,0x00000000ed0d4888,0x00000000f2900000)
  from space 13824K, 99% used [0x00000000f3c80000,0x00000000f49fc0f0,0x00000000f4a00000)
  to   space 18944K, 0% used [0x00000000f2900000,0x00000000f2900000,0x00000000f3b80000)
 ParOldGen       total 65024K, used 24461K [0x00000000a0000000, 0x00000000a3f80000, 0x00000000e0000000)
  object space 65024K, 37% used [0x00000000a0000000,0x00000000a17e3718,0x00000000a3f80000)
 Metaspace       used 57073K, capacity 58902K, committed 59008K, reserved 1099776K
  class space    used 7769K, capacity 8234K, committed 8320K, reserved 1048576K
Event: 31.883 GC heap after
Heap after GC invocations=11 (full 2):
 PSYoungGen      total 323072K, used 18914K [0x00000000e0000000, 0x00000000fc280000, 0x0000000100000000)
  eden space 304128K, 0% used [0x00000000e0000000,0x00000000e0000000,0x00000000f2900000)
  from space 18944K, 99% used [0x00000000f2900000,0x00000000f3b78a78,0x00000000f3b80000)
  to   space 26112K, 0% used [0x00000000fa900000,0x00000000fa900000,0x00000000fc280000)
 ParOldGen       total 65024K, used 34207K [0x00000000a0000000, 0x00000000a3f80000, 0x00000000e0000000)
  object space 65024K, 52% used [0x00000000a0000000,0x00000000a2167eb8,0x00000000a3f80000)
 Metaspace       used 57073K, capacity 58902K, committed 59008K, reserved 1099776K
  class space    used 7769K, capacity 8234K, committed 8320K, reserved 1048576K
}
Event: 31.883 GC heap before
{Heap before GC invocations=12 (full 3):
 PSYoungGen      total 323072K, used 18914K [0x00000000e0000000, 0x00000000fc280000, 0x0000000100000000)
  eden space 304128K, 0% used [0x00000000e0000000,0x00000000e0000000,0x00000000f2900000)
  from space 18944K, 99% used [0x00000000f2900000,0x00000000f3b78a78,0x00000000f3b80000)
  to   space 26112K, 0% used [0x00000000fa900000,0x00000000fa900000,0x00000000fc280000)
 ParOldGen       total 65024K, used 34207K [0x00000000a0000000, 0x00000000a3f80000, 0x00000000e0000000)
  object space 65024K, 52% used [0x00000000a0000000,0x00000000a2167eb8,0x00000000a3f80000)
 Metaspace       used 57073K, capacity 58902K, committed 59008K, reserved 1099776K
  class space    used 7769K, capacity 8234K, committed 8320K, reserved 1048576K
Event: 32.278 GC heap after
Heap after GC invocations=12 (full 3):
 PSYoungGen      total 323072K, used 0K [0x00000000e0000000, 0x00000000fc280000, 0x0000000100000000)
  eden space 304128K, 0% used [0x00000000e0000000,0x00000000e0000000,0x00000000f2900000)
  from space 18944K, 0% used [0x00000000f2900000,0x00000000f2900000,0x00000000f3b80000)
  to   space 26112K, 0% used [0x00000000fa900000,0x00000000fa900000,0x00000000fc280000)
 ParOldGen       total 103936K, used 41525K [0x00000000a0000000, 0x00000000a6580000, 0x00000000e0000000)
  object space 103936K, 39% used [0x00000000a0000000,0x00000000a288d7e0,0x00000000a6580000)
 Metaspace       used 57073K, capacity 58902K, committed 59008K, reserved 1099776K
  class space    used 7769K, capacity 8234K, committed 8320K, reserved 1048576K
}
Event: 1056.527 GC heap before
{Heap before GC invocations=13 (full 3):
 PSYoungGen      total 323072K, used 304128K [0x00000000e0000000, 0x00000000fc280000, 0x0000000100000000)
  eden space 304128K, 100% used [0x00000000e0000000,0x00000000f2900000,0x00000000f2900000)
  from space 18944K, 0% used [0x00000000f2900000,0x00000000f2900000,0x00000000f3b80000)
  to   space 26112K, 0% used [0x00000000fa900000,0x00000000fa900000,0x00000000fc280000)
 ParOldGen       total 103936K, used 41525K [0x00000000a0000000, 0x00000000a6580000, 0x00000000e0000000)
  object space 103936K, 39% used [0x00000000a0000000,0x00000000a288d7e0,0x00000000a6580000)
 Metaspace       used 64963K, capacity 67104K, committed 67200K, reserved 1107968K
  class space    used 8511K, capacity 9039K, committed 9088K, reserved 1048576K
Event: 1056.585 GC heap after
Heap after GC invocations=13 (full 3):
 PSYoungGen      total 420352K, used 24480K [0x00000000e0000000, 0x00000000fc100000, 0x0000000100000000)
  eden space 395776K, 0% used [0x00000000e0000000,0x00000000e0000000,0x00000000f8280000)
  from space 24576K, 99% used [0x00000000fa900000,0x00000000fc0e8388,0x00000000fc100000)
  to   space 29696K, 0% used [0x00000000f8700000,0x00000000f8700000,0x00000000fa400000)
 ParOldGen       total 103936K, used 41533K [0x00000000a0000000, 0x00000000a6580000, 0x00000000e0000000)
  object space 103936K, 39% used [0x00000000a0000000,0x00000000a288f7e0,0x00000000a6580000)
 Metaspace       used 64963K, capacity 67104K, committed 67200K, reserved 1107968K
  class space    used 8511K, capacity 9039K, committed 9088K, reserved 1048576K
}
Event: 1064.307 GC heap before
{Heap before GC invocations=14 (full 3):
 PSYoungGen      total 420352K, used 420256K [0x00000000e0000000, 0x00000000fc100000, 0x0000000100000000)
  eden space 395776K, 100% used [0x00000000e0000000,0x00000000f8280000,0x00000000f8280000)
  from space 24576K, 99% used [0x00000000fa900000,0x00000000fc0e8388,0x00000000fc100000)
  to   space 29696K, 0% used [0x00000000f8700000,0x00000000f8700000,0x00000000fa400000)
 ParOldGen       total 103936K, used 41533K [0x00000000a0000000, 0x00000000a6580000, 0x00000000e0000000)
  object space 103936K, 39% used [0x00000000a0000000,0x00000000a288f7e0,0x00000000a6580000)
 Metaspace       used 76396K, capacity 79254K, committed 79488K, reserved 1118208K
  class space    used 9888K, capacity 10512K, committed 10624K, reserved 1048576K
Event: 1064.417 GC heap after
Heap after GC invocations=14 (full 3):
 PSYoungGen      total 430080K, used 29674K [0x00000000e0000000, 0x0000000100000000, 0x0000000100000000)
  eden space 400384K, 0% used [0x00000000e0000000,0x00000000e0000000,0x00000000f8700000)
  from space 29696K, 99% used [0x00000000f8700000,0x00000000fa3fa888,0x00000000fa400000)
  to   space 44544K, 0% used [0x00000000fd480000,0x00000000fd480000,0x0000000100000000)
 ParOldGen       total 103936K, used 69490K [0x00000000a0000000, 0x00000000a6580000, 0x00000000e0000000)
  object space 103936K, 66% used [0x00000000a0000000,0x00000000a43dca40,0x00000000a6580000)
 Metaspace       used 76396K, capacity 79254K, committed 79488K, reserved 1118208K
  class space    used 9888K, capacity 10512K, committed 10624K, reserved 1048576K
}
Event: 1157.107 GC heap before
{Heap before GC invocations=15 (full 3):
 PSYoungGen      total 430080K, used 430030K [0x00000000e0000000, 0x0000000100000000, 0x0000000100000000)
  eden space 400384K, 99% used [0x00000000e0000000,0x00000000f86f92a8,0x00000000f8700000)
  from space 29696K, 99% used [0x00000000f8700000,0x00000000fa3fa888,0x00000000fa400000)
  to   space 44544K, 0% used [0x00000000fd480000,0x00000000fd480000,0x0000000100000000)
 ParOldGen       total 103936K, used 69490K [0x00000000a0000000, 0x00000000a6580000, 0x00000000e0000000)
  object space 103936K, 66% used [0x00000000a0000000,0x00000000a43dca40,0x00000000a6580000)
 Metaspace       used 79428K, capacity 82572K, committed 82688K, reserved 1120256K
  class space    used 10194K, capacity 10899K, committed 11008K, reserved 1048576K

Deoptimization events (10 events):
Event: 1069.954 Thread 0x000000005bf47000 Uncommon trap: reason=predicate action=maybe_recompile pc=0x000000000393375c method=java.util.Arrays$ArrayList.indexOf(Ljava/lang/Object;)I @ 42
Event: 1069.986 Thread 0x000000005bf47000 Uncommon trap: reason=class_check action=maybe_recompile pc=0x000000000412e164 method=com.android.tools.build.apkzlib.zip.ZipField.checkVerifiesInvariants(J)V @ 25
Event: 1070.001 Thread 0x000000005bf47000 Uncommon trap: reason=class_check action=maybe_recompile pc=0x000000000412e164 method=com.android.tools.build.apkzlib.zip.ZipField.checkVerifiesInvariants(J)V @ 25
Event: 1070.137 Thread 0x0000000059928800 Uncommon trap: reason=class_check action=maybe_recompile pc=0x00000000030cd3fc method=org.gradle.internal.logging.sink.ProgressLogEventGenerator.onOutput(Lorg/gradle/internal/logging/events/OutputEvent;)V @ 45
Event: 1070.181 Thread 0x0000000059931800 Uncommon trap: reason=unstable_if action=reinterpret pc=0x0000000003ff1134 method=java.util.concurrent.locks.AbstractQueuedSynchronizer.acquireQueued(Ljava/util/concurrent/locks/AbstractQueuedSynchronizer$Node;I)Z @ 70
Event: 1154.839 Thread 0x0000000059926800 Uncommon trap: reason=predicate action=maybe_recompile pc=0x0000000004b8c9a8 method=com.google.common.collect.ImmutableSet.construct(I[Ljava/lang/Object;)Lcom/google/common/collect/ImmutableSet; @ 71
Event: 1155.319 Thread 0x0000000059926800 Uncommon trap: reason=predicate action=maybe_recompile pc=0x0000000004d81bd4 method=java.util.stream.ReferencePipeline.forEachWithCancel(Ljava/util/Spliterator;Ljava/util/stream/Sink;)V @ 9
Event: 1156.251 Thread 0x0000000059926800 Uncommon trap: reason=predicate action=maybe_recompile pc=0x0000000004d7e320 method=java.util.TimSort.reverseRange([Ljava/lang/Object;II)V @ 8
Event: 1156.891 Thread 0x000000005bf44800 Uncommon trap: reason=unstable_if action=reinterpret pc=0x00000000045e7a44 method=com.sun.tools.javac.file.Locations.lazy()V @ 4
Event: 1156.944 Thread 0x000000005bf44800 Uncommon trap: reason=unstable_if action=reinterpret pc=0x00000000042406c4 method=com.sun.tools.javac.parser.JavacParser.term1()Lcom/sun/tools/javac/tree/JCTree$JCExpression; @ 24

Classes redefined (0 events):
No events

Internal exceptions (10 events):
Event: 1155.308 Thread 0x0000000059926800 Exception <a 'sun/nio/fs/WindowsException'> (0x00000000f3a5fcb0) thrown at [D:\src\AOSP-openjdk-cygwin\jdk8u\hotspot\src\share\vm\prims\jni.cpp, line 709]
Event: 1155.308 Thread 0x0000000059926800 Exception <a 'sun/nio/fs/WindowsException'> (0x00000000f3a60938) thrown at [D:\src\AOSP-openjdk-cygwin\jdk8u\hotspot\src\share\vm\prims\jni.cpp, line 709]
Event: 1155.308 Thread 0x0000000059926800 Exception <a 'sun/nio/fs/WindowsException'> (0x00000000f3a63de0) thrown at [D:\src\AOSP-openjdk-cygwin\jdk8u\hotspot\src\share\vm\prims\jni.cpp, line 709]
Event: 1155.308 Thread 0x0000000059926800 Exception <a 'sun/nio/fs/WindowsException'> (0x00000000f3a649b8) thrown at [D:\src\AOSP-openjdk-cygwin\jdk8u\hotspot\src\share\vm\prims\jni.cpp, line 709]
Event: 1155.308 Thread 0x0000000059926800 Exception <a 'sun/nio/fs/WindowsException'> (0x00000000f3a665d0) thrown at [D:\src\AOSP-openjdk-cygwin\jdk8u\hotspot\src\share\vm\prims\jni.cpp, line 709]
Event: 1155.308 Thread 0x0000000059926800 Exception <a 'sun/nio/fs/WindowsException'> (0x00000000f3a671e0) thrown at [D:\src\AOSP-openjdk-cygwin\jdk8u\hotspot\src\share\vm\prims\jni.cpp, line 709]
Event: 1155.309 Thread 0x0000000059926800 Exception <a 'sun/nio/fs/WindowsException'> (0x00000000f3a69e08) thrown at [D:\src\AOSP-openjdk-cygwin\jdk8u\hotspot\src\share\vm\prims\jni.cpp, line 709]
Event: 1155.309 Thread 0x0000000059926800 Exception <a 'sun/nio/fs/WindowsException'> (0x00000000f3a6aab8) thrown at [D:\src\AOSP-openjdk-cygwin\jdk8u\hotspot\src\share\vm\prims\jni.cpp, line 709]
Event: 1155.309 Thread 0x0000000059926800 Exception <a 'sun/nio/fs/WindowsException'> (0x00000000f3a6c798) thrown at [D:\src\AOSP-openjdk-cygwin\jdk8u\hotspot\src\share\vm\prims\jni.cpp, line 709]
Event: 1155.309 Thread 0x0000000059926800 Exception <a 'sun/nio/fs/WindowsException'> (0x00000000f3a6d488) thrown at [D:\src\AOSP-openjdk-cygwin\jdk8u\hotspot\src\share\vm\prims\jni.cpp, line 709]

Events (10 events):
Event: 1156.945 Thread 0x0000000057c83000 flushing nmethod 0x0000000004128450
Event: 1156.945 Thread 0x0000000057c83000 flushing nmethod 0x0000000004128d90
Event: 1156.946 Thread 0x0000000057c83000 flushing nmethod 0x0000000004240b10
Event: 1157.029 Thread 0x000000005bf44800 DEOPT PACKING pc=0x00000000036dcf73 sp=0x000000005b10bdf0
Event: 1157.029 Thread 0x000000005bf44800 DEOPT UNPACKING pc=0x00000000028971d0 sp=0x000000005b10bb18 mode 0
Event: 1157.035 Thread 0x000000005bf44800 DEOPT PACKING pc=0x00000000036dcf73 sp=0x000000005b10bd60
Event: 1157.035 Thread 0x000000005bf44800 DEOPT UNPACKING pc=0x00000000028971d0 sp=0x000000005b10ba88 mode 0
Event: 1157.040 Thread 0x000000005bf44800 DEOPT PACKING pc=0x00000000036dcf8a sp=0x000000005b10be20
Event: 1157.040 Thread 0x000000005bf44800 DEOPT UNPACKING pc=0x00000000028971d0 sp=0x000000005b10bb40 mode 0
Event: 1157.107 Executing VM operation: ParallelGCFailedAllocation


Dynamic libraries:
0x000000013fd50000 - 0x000000013fd81000 	C:\Program Files\Android\Android Studio\jre\bin\java.exe
0x0000000076d40000 - 0x0000000076ee9000 	C:\Windows\SYSTEM32\ntdll.dll
0x0000000076c20000 - 0x0000000076d3f000 	C:\Windows\system32\kernel32.dll
0x000007fefcff0000 - 0x000007fefd05b000 	C:\Windows\system32\KERNELBASE.dll
0x000007fefd8c0000 - 0x000007fefd99b000 	C:\Windows\system32\ADVAPI32.dll
0x000007fefea40000 - 0x000007fefeadf000 	C:\Windows\system32\msvcrt.dll
0x000007feff030000 - 0x000007feff04f000 	C:\Windows\SYSTEM32\sechost.dll
0x000007fefd190000 - 0x000007fefd2bd000 	C:\Windows\system32\RPCRT4.dll
0x0000000076b20000 - 0x0000000076c1a000 	C:\Windows\system32\USER32.dll
0x000007fefd100000 - 0x000007fefd167000 	C:\Windows\system32\GDI32.dll
0x000007fefd0f0000 - 0x000007fefd0fe000 	C:\Windows\system32\LPK.dll
0x000007fefec60000 - 0x000007fefed29000 	C:\Windows\system32\USP10.dll
0x000007fefb760000 - 0x000007fefb954000 	C:\Windows\WinSxS\amd64_microsoft.windows.common-controls_6595b64144ccf1df_6.0.7601.17514_none_fa396087175ac9ac\COMCTL32.dll
0x000007fefd2f0000 - 0x000007fefd361000 	C:\Windows\system32\SHLWAPI.dll
0x000007fefd2c0000 - 0x000007fefd2ee000 	C:\Windows\system32\IMM32.DLL
0x000007fefd5d0000 - 0x000007fefd6d9000 	C:\Windows\system32\MSCTF.dll
0x0000000066290000 - 0x0000000066362000 	C:\Program Files\Android\Android Studio\jre\jre\bin\msvcr100.dll
0x0000000069000000 - 0x0000000069841000 	C:\Program Files\Android\Android Studio\jre\jre\bin\server\jvm.dll
0x000007fef98f0000 - 0x000007fef98f9000 	C:\Windows\system32\WSOCK32.dll
0x000007fefd370000 - 0x000007fefd3bd000 	C:\Windows\system32\WS2_32.dll
0x000007fefd060000 - 0x000007fefd068000 	C:\Windows\system32\NSI.dll
0x000007fefae20000 - 0x000007fefae5b000 	C:\Windows\system32\WINMM.dll
0x000007fefbdf0000 - 0x000007fefbdfc000 	C:\Windows\system32\VERSION.dll
0x0000000076f00000 - 0x0000000076f07000 	C:\Windows\system32\PSAPI.DLL
0x000007fefb490000 - 0x000007fefb49f000 	C:\Program Files\Android\Android Studio\jre\jre\bin\verify.dll
0x000007fefaad0000 - 0x000007fefaaf9000 	C:\Program Files\Android\Android Studio\jre\jre\bin\java.dll
0x000007fefaab0000 - 0x000007fefaac6000 	C:\Program Files\Android\Android Studio\jre\jre\bin\zip.dll
0x000007fefdcb0000 - 0x000007fefea38000 	C:\Windows\system32\SHELL32.dll
0x000007fefd3c0000 - 0x000007fefd5c3000 	C:\Windows\system32\ole32.dll
0x000007fefcc90000 - 0x000007fefcc9f000 	C:\Windows\system32\profapi.dll
0x000007fefaa90000 - 0x000007fefaaaa000 	C:\Program Files\Android\Android Studio\jre\jre\bin\net.dll
0x000007fefc450000 - 0x000007fefc4a5000 	C:\Windows\system32\mswsock.dll
0x000007fefc6d0000 - 0x000007fefc6d7000 	C:\Windows\System32\wship6.dll
0x000007fefaa70000 - 0x000007fefaa81000 	C:\Program Files\Android\Android Studio\jre\jre\bin\nio.dll
0x000007fefaa20000 - 0x000007fefaa3e000 	C:\Users\DELL\.gradle\native\25\windows-amd64\native-platform.dll
0x000007fefa9c0000 - 0x000007fefa9cd000 	C:\Program Files\Android\Android Studio\jre\jre\bin\management.dll
0x000007fefc610000 - 0x000007fefc627000 	C:\Windows\system32\CRYPTSP.dll
0x000007fefc100000 - 0x000007fefc147000 	C:\Windows\system32\rsaenh.dll
0x000007fefbfd0000 - 0x000007fefbfee000 	C:\Windows\system32\USERENV.dll
0x000007fefcbc0000 - 0x000007fefcbcf000 	C:\Windows\system32\CRYPTBASE.dll
0x000007fefa3a0000 - 0x000007fefa3c7000 	C:\Windows\system32\IPHLPAPI.DLL
0x000007fefa390000 - 0x000007fefa39b000 	C:\Windows\system32\WINNSI.DLL
0x000007fefa1a0000 - 0x000007fefa1b1000 	C:\Windows\system32\dhcpcsvc6.DLL
0x000007fefa180000 - 0x000007fefa198000 	C:\Windows\system32\dhcpcsvc.DLL
0x000007feda950000 - 0x000007fedaa75000 	C:\Windows\system32\dbghelp.dll

VM Arguments:
jvm_args: -Xmx1536m -Dfile.encoding=windows-1252 -Duser.country=GB -Duser.language=en -Duser.variant 
java_command: org.gradle.launcher.daemon.bootstrap.GradleDaemon 4.6
java_class_path (initial): C:\Users\DELL\.gradle\wrapper\dists\gradle-4.6-all\bcst21l2brirad8k2ben1letg\gradle-4.6\lib\gradle-launcher-4.6.jar
Launcher Type: SUN_STANDARD

Environment Variables:
PATH=D:\oraclexe\app\oracle\product\11.2.0\server\bin;;C:\app\DELL\product\11.2.0\dbhome_1\bin;C:\Windows\system32;C:\Windows;C:\Windows\System32\Wbem;C:\Windows\System32\WindowsPowerShell\v1.0\;C:\Program Files\Intel\WiFi\bin\;C:\Program Files\Common Files\Intel\WirelessCommon\;C:\Android;C:\Windows\System32;C:\Program Files\dotnet\;C:\Program Files\Microsoft SQL Server\130\Tools\Binn\;C:\Program Files\Microsoft SQL Server\120\DTS\Binn\;C:\Program Files\Microsoft SQL Server\Client SDK\ODBC\110\Tools\Binn\;C:\Program Files (x86)\Microsoft SQL Server\120\Tools\Binn\;C:\Program Files\Microsoft SQL Server\120\Tools\Binn\;C:\Program Files (x86)\Microsoft SQL Server\120\Tools\Binn\ManagementStudio\;C:\Program Files (x86)\Microsoft SQL Server\120\DTS\Binn\;C:\Users\DELL\AppData\Local\Programs\Microsoft VS Code\bin;C:\Users\DELL\AppData\Local\GitHubDesktop\bin
USERNAME=DELL
OS=Windows_NT
PROCESSOR_IDENTIFIER=Intel64 Family 6 Model 37 Stepping 5, GenuineIntel



---------------  S Y S T E M  ---------------

OS: Windows 7 , 64 bit Build 7601 (6.1.7601.18015)

CPU:total 4 (initial active 4) (2 cores per cpu, 2 threads per core) family 6 model 37 stepping 5, cmov, cx8, fxsr, mmx, sse, sse2, sse3, ssse3, sse4.1, sse4.2, popcnt, ht, tsc, tscinvbit

Memory: 4k page, physical 6083096k(617728k free), swap 12164328k(4400892k free)

vm_info: OpenJDK 64-Bit Server VM (25.152-b06) for windows-amd64 JRE (1.8.0_152-release-1136-b06), built by "builder" with MS VC++ 10.0 (VS2010)

time: Tue May 21 11:56:00 2019
elapsed time: 1157 seconds (0d 0h 19m 17s)

